<?xml version="1.0" encoding="UTF-8"?>
<testng-results skipped="0" failed="0" total="3" passed="3">
  <reporter-output>
  </reporter-output>
  <suite name="Default suite" duration-ms="23983" started-at="2019-07-04T10:27:48Z" finished-at="2019-07-04T10:28:12Z">
    <groups>
    </groups>
    <test name="Default test" duration-ms="23983" started-at="2019-07-04T10:27:48Z" finished-at="2019-07-04T10:28:12Z">
      <class name="com.Sikuli.ProfilePictureUpload">
        <test-method status="PASS" signature="setUp()[pri:0, instance:com.Sikuli.ProfilePictureUpload@4520ebad]" name="setUp" is-config="true" duration-ms="10645" started-at="2019-07-04T15:57:48Z" finished-at="2019-07-04T15:57:59Z">
          <reporter-output>
          </reporter-output>
        </test-method> <!-- setUp -->
        <test-method status="PASS" signature="logIn()[pri:1, instance:com.Sikuli.ProfilePictureUpload@4520ebad]" name="logIn" duration-ms="2889" started-at="2019-07-04T15:57:59Z" finished-at="2019-07-04T15:58:02Z">
          <reporter-output>
          </reporter-output>
        </test-method> <!-- logIn -->
        <test-method status="PASS" signature="pim()[pri:2, instance:com.Sikuli.ProfilePictureUpload@4520ebad]" name="pim" duration-ms="79" started-at="2019-07-04T15:58:02Z" finished-at="2019-07-04T15:58:02Z">
          <reporter-output>
          </reporter-output>
        </test-method> <!-- pim -->
        <test-method status="PASS" signature="addEmployee()[pri:3, instance:com.Sikuli.ProfilePictureUpload@4520ebad]" name="addEmployee" duration-ms="10333" started-at="2019-07-04T15:58:02Z" finished-at="2019-07-04T15:58:12Z">
          <reporter-output>
          </reporter-output>
        </test-method> <!-- addEmployee -->
      </class> <!-- com.Sikuli.ProfilePictureUpload -->
    </test> <!-- Default test -->
  </suite> <!-- Default suite -->
</testng-results>
