<?xml version="1.0" encoding="UTF-8"?>
<testng-results skipped="0" failed="0" ignored="0" total="1" passed="1">
  <reporter-output>
  </reporter-output>
  <suite name="Default suite" duration-ms="15407" started-at="2019-06-14T03:47:53Z" finished-at="2019-06-14T03:48:08Z">
    <groups>
    </groups>
    <test name="Default test" duration-ms="15407" started-at="2019-06-14T03:47:53Z" finished-at="2019-06-14T03:48:08Z">
      <class name="com.OrageHRM.LogInTest">
        <test-method status="PASS" signature="setUp()[pri:0, instance:com.OrageHRM.LogInTest@7403c468]" name="setUp" is-config="true" duration-ms="10135" started-at="2019-06-14T09:17:53Z" finished-at="2019-06-14T09:18:03Z">
          <reporter-output>
          </reporter-output>
        </test-method> <!-- setUp -->
        <test-method status="PASS" signature="logIn()[pri:0, instance:com.OrageHRM.LogInTest@7403c468]" name="logIn" duration-ms="3586" started-at="2019-06-14T09:18:03Z" finished-at="2019-06-14T09:18:07Z">
          <reporter-output>
          </reporter-output>
        </test-method> <!-- logIn -->
        <test-method status="PASS" signature="tearDown()[pri:0, instance:com.OrageHRM.LogInTest@7403c468]" name="tearDown" is-config="true" duration-ms="1647" started-at="2019-06-14T09:18:07Z" finished-at="2019-06-14T09:18:08Z">
          <reporter-output>
          </reporter-output>
        </test-method> <!-- tearDown -->
      </class> <!-- com.OrageHRM.LogInTest -->
    </test> <!-- Default test -->
  </suite> <!-- Default suite -->
</testng-results>
