<?xml version="1.0" encoding="UTF-8"?>
<testng-results skipped="0" failed="0" ignored="0" total="0" passed="0">
  <reporter-output>
  </reporter-output>
  <suite name="com.MyMavenProject.AppTest" duration-ms="16" started-at="2019-06-13T04:39:59Z" finished-at="2019-06-13T04:39:59Z">
    <groups>
    </groups>
    <test name="Command line test" duration-ms="16" started-at="2019-06-13T04:39:59Z" finished-at="2019-06-13T04:39:59Z">
    </test> <!-- Command line test -->
  </suite> <!-- com.MyMavenProject.AppTest -->
</testng-results>
