<?xml version="1.0" encoding="UTF-8"?>
<!-- Generated by org.testng.reporters.JUnitXMLReporter -->
<testsuite hostname="Cnu" name="on Firefox" tests="1" failures="1" timestamp="1 Jul 2019 12:38:03 GMT" time="1.08" errors="0">
  <testcase name="logIn" time="1.065" classname="com.GRID.OrangeHRM_LogInTest">
    <failure type="org.openqa.selenium.SessionNotCreatedException" message="Unable to create new service: GeckoDriverService
Build info: version: &amp;apos;3.14.0&amp;apos;, revision: &amp;apos;aacccce0&amp;apos;, time: &amp;apos;2018-08-02T20:13:22.693Z&amp;apos;
System info: host: &amp;apos;CNU&amp;apos;, ip: &amp;apos;192.168.1.22&amp;apos;, os.name: &amp;apos;Windows 10&amp;apos;, os.arch: &amp;apos;amd64&amp;apos;, os.version: &amp;apos;10.0&amp;apos;, java.version: &amp;apos;1.8.0_131&amp;apos;
Driver info: driver.version: unknown
Command duration or timeout: 348 milliseconds
Build info: version: &amp;apos;2.53.1&amp;apos;, revision: &amp;apos;a36b8b1&amp;apos;, time: &amp;apos;2016-06-30 17:37:03&amp;apos;
System info: host: &amp;apos;Cnu&amp;apos;, ip: &amp;apos;192.168.1.22&amp;apos;, os.name: &amp;apos;Windows 10&amp;apos;, os.arch: &amp;apos;amd64&amp;apos;, os.version: &amp;apos;10.0&amp;apos;, java.version: &amp;apos;1.8.0_131&amp;apos;
Driver info: org.openqa.selenium.remote.RemoteWebDriver">
      <![CDATA[org.openqa.selenium.SessionNotCreatedException: Unable to create new service: GeckoDriverService
Build info: version: '3.14.0', revision: 'aacccce0', time: '2018-08-02T20:13:22.693Z'
System info: host: 'CNU', ip: '192.168.1.22', os.name: 'Windows 10', os.arch: 'amd64', os.version: '10.0', java.version: '1.8.0_131'
Driver info: driver.version: unknown
Command duration or timeout: 348 milliseconds
Build info: version: '2.53.1', revision: 'a36b8b1', time: '2016-06-30 17:37:03'
System info: host: 'Cnu', ip: '192.168.1.22', os.name: 'Windows 10', os.arch: 'amd64', os.version: '10.0', java.version: '1.8.0_131'
Driver info: org.openqa.selenium.remote.RemoteWebDriver
	at org.openqa.selenium.remote.ErrorHandler.createThrowable(ErrorHandler.java:206)
	at org.openqa.selenium.remote.ErrorHandler.throwIfResponseFailed(ErrorHandler.java:158)
	at org.openqa.selenium.remote.RemoteWebDriver.execute(RemoteWebDriver.java:678)
	at org.openqa.selenium.remote.RemoteWebDriver.startSession(RemoteWebDriver.java:249)
	at org.openqa.selenium.remote.RemoteWebDriver.<init>(RemoteWebDriver.java:131)
	at org.openqa.selenium.remote.RemoteWebDriver.<init>(RemoteWebDriver.java:158)
	at com.GRID.OrangeHRM_LogInTest.logIn(OrangeHRM_LogInTest.java:49)
Caused by: org.openqa.selenium.SessionNotCreatedException: Unable to create new service: GeckoDriverService
Build info: version: '3.14.0', revision: 'aacccce0', time: '2018-08-02T20:13:22.693Z'
System info: host: 'CNU', ip: '192.168.1.22', os.name: 'Windows 10', os.arch: 'amd64', os.version: '10.0', java.version: '1.8.0_131'
Driver info: driver.version: unknown
Build info: version: '2.53.1', revision: 'a36b8b1', time: '2016-06-30 17:37:03'
System info: host: 'Cnu', ip: '192.168.1.22', os.name: 'Windows 10', os.arch: 'amd64', os.version: '10.0', java.version: '1.8.0_131'
Driver info: driver.version: unknown
	at org.openqa.selenium.remote.server.ServicedSession$Factory.lambda$get$0(ServicedSession.java:134)
	at org.openqa.selenium.remote.server.ServicedSession$Factory.apply(ServicedSession.java:151)
	at org.openqa.selenium.remote.server.ActiveSessionFactory.lambda$apply$12(ActiveSessionFactory.java:177)
	at java.util.stream.ReferencePipeline$3$1.accept(Unknown Source)
	at java.util.stream.ReferencePipeline$11$1.accept(Unknown Source)
	at java.util.stream.ReferencePipeline$2$1.accept(Unknown Source)
	at java.util.Spliterators$ArraySpliterator.tryAdvance(Unknown Source)
	at java.util.stream.ReferencePipeline.forEachWithCancel(Unknown Source)
	at java.util.stream.AbstractPipeline.copyIntoWithCancel(Unknown Source)
	at java.util.stream.AbstractPipeline.copyInto(Unknown Source)
	at java.util.stream.AbstractPipeline.wrapAndCopyInto(Unknown Source)
	at java.util.stream.FindOps$FindOp.evaluateSequential(Unknown Source)
	at java.util.stream.AbstractPipeline.evaluate(Unknown Source)
	at java.util.stream.ReferencePipeline.findFirst(Unknown Source)
	at org.openqa.selenium.remote.server.ActiveSessionFactory.apply(ActiveSessionFactory.java:180)
	at org.openqa.selenium.remote.server.NewSessionPipeline.lambda$null$2(NewSessionPipeline.java:65)
	at java.util.stream.ReferencePipeline$3$1.accept(Unknown Source)
	at java.util.stream.ReferencePipeline$2$1.accept(Unknown Source)
	at java.util.Collections$2.tryAdvance(Unknown Source)
	at java.util.stream.ReferencePipeline.forEachWithCancel(Unknown Source)
	at java.util.stream.AbstractPipeline.copyIntoWithCancel(Unknown Source)
	at java.util.stream.AbstractPipeline.copyInto(Unknown Source)
	at java.util.stream.AbstractPipeline.wrapAndCopyInto(Unknown Source)
	at java.util.stream.FindOps$FindOp.evaluateSequential(Unknown Source)
	at java.util.stream.AbstractPipeline.evaluate(Unknown Source)
	at java.util.stream.ReferencePipeline.findFirst(Unknown Source)
	at org.openqa.selenium.remote.server.NewSessionPipeline.lambda$createNewSession$3(NewSessionPipeline.java:68)
	at java.util.stream.ReferencePipeline$3$1.accept(Unknown Source)
	at java.util.stream.ReferencePipeline$3$1.accept(Unknown Source)
	at java.util.stream.ReferencePipeline$3$1.accept(Unknown Source)
	at java.util.stream.DistinctOps$1$2.accept(Unknown Source)
	at java.util.stream.ReferencePipeline$2$1.accept(Unknown Source)
	at java.util.stream.ReferencePipeline$3$1.accept(Unknown Source)
	at java.util.stream.ReferencePipeline$2$1.accept(Unknown Source)
	at java.util.stream.Streams$StreamBuilderImpl.tryAdvance(Unknown Source)
	at java.util.stream.Streams$ConcatSpliterator.tryAdvance(Unknown Source)
	at java.util.stream.ReferencePipeline.forEachWithCancel(Unknown Source)
	at java.util.stream.AbstractPipeline.copyIntoWithCancel(Unknown Source)
	at java.util.stream.AbstractPipeline.copyInto(Unknown Source)
	at java.util.stream.AbstractPipeline.wrapAndCopyInto(Unknown Source)
	at java.util.stream.FindOps$FindOp.evaluateSequential(Unknown Source)
	at java.util.stream.AbstractPipeline.evaluate(Unknown Source)
	at java.util.stream.ReferencePipeline.findFirst(Unknown Source)
	at org.openqa.selenium.remote.server.NewSessionPipeline.createNewSession(NewSessionPipeline.java:71)
	at org.openqa.selenium.remote.server.commandhandler.BeginSession.execute(BeginSession.java:65)
	at org.openqa.selenium.remote.server.WebDriverServlet.lambda$handle$3(WebDriverServlet.java:250)
	at java.util.concurrent.Executors$RunnableAdapter.call(Unknown Source)
	at java.util.concurrent.FutureTask.run(Unknown Source)
	at java.util.concurrent.ThreadPoolExecutor.runWorker(Unknown Source)
	at java.util.concurrent.ThreadPoolExecutor$Worker.run(Unknown Source)
	at java.lang.Thread.run(Unknown Source)
... Removed 28 stack frames]]>
    </failure>
  </testcase> <!-- logIn -->
</testsuite> <!-- on Firefox -->
