<?xml version="1.0" encoding="UTF-8"?>
<testng-results skipped="0" failed="0" total="1" passed="1">
  <reporter-output>
  </reporter-output>
  <suite name="Default suite" duration-ms="11007" started-at="2019-06-16T07:29:43Z" finished-at="2019-06-16T07:29:54Z">
    <groups>
    </groups>
    <test name="Default test" duration-ms="11007" started-at="2019-06-16T07:29:43Z" finished-at="2019-06-16T07:29:54Z">
      <class name="com.OHRM.TestScripts.LogInTest">
        <test-method status="PASS" signature="logIn()[pri:0, instance:com.OHRM.TestScripts.LogInTest@7ac7a4e4]" name="logIn" duration-ms="10982" started-at="2019-06-16T12:59:43Z" finished-at="2019-06-16T12:59:54Z">
          <reporter-output>
          </reporter-output>
        </test-method> <!-- logIn -->
      </class> <!-- com.OHRM.TestScripts.LogInTest -->
    </test> <!-- Default test -->
  </suite> <!-- Default suite -->
</testng-results>
