<?xml version="1.0" encoding="UTF-8"?>
<testng-results skipped="0" failed="0" total="2" passed="2">
  <reporter-output>
  </reporter-output>
  <suite name="NewTour Application" duration-ms="56430" started-at="2019-06-16T06:56:25Z" finished-at="2019-06-16T06:57:21Z">
    <groups>
    </groups>
    <test name="LogIn Test" duration-ms="29799" started-at="2019-06-16T06:56:25Z" finished-at="2019-06-16T06:56:54Z">
      <class name="com.OHRM.testScripts.TC_101">
        <test-method status="PASS" signature="logInTest()[pri:0, instance:com.OHRM.testScripts.TC_101@7c0e2abd]" name="logInTest" duration-ms="29769" started-at="2019-06-16T12:26:25Z" finished-at="2019-06-16T12:26:54Z">
          <reporter-output>
          </reporter-output>
        </test-method> <!-- logInTest -->
      </class> <!-- com.OHRM.testScripts.TC_101 -->
    </test> <!-- LogIn Test -->
    <test name="NewTours UserRegistration" duration-ms="26546" started-at="2019-06-16T06:56:55Z" finished-at="2019-06-16T06:57:21Z">
      <class name="com.OHRM.testScripts.TC_102">
        <test-method status="PASS" signature="testRun2()[pri:0, instance:com.OHRM.testScripts.TC_102@62ee68d8]" name="testRun2" duration-ms="26546" started-at="2019-06-16T12:26:55Z" finished-at="2019-06-16T12:27:21Z">
          <reporter-output>
          </reporter-output>
        </test-method> <!-- testRun2 -->
      </class> <!-- com.OHRM.testScripts.TC_102 -->
    </test> <!-- NewTours UserRegistration -->
  </suite> <!-- NewTour Application -->
</testng-results>
